\BOOKMARK [1][-]{section.2}{\376\377\000I\000n\000t\000r\000o\000d\000u\000\347\000\343\000o}{}% 1
\BOOKMARK [1][-]{section.3}{\376\377\000D\000e\000s\000e\000n\000v\000o\000l\000v\000i\000m\000e\000n\000t\000o}{}% 2
\BOOKMARK [2][-]{subsection.4}{\376\377\000V\000i\000s\000\343\000o\000\040\000g\000e\000r\000a\000l\000:\000\040\000d\000e\000\040\000c\000o\000n\000t\000r\000a\000t\000o\000s\000\040\000p\000r\000e\000v\000i\000s\000t\000o\000s\000\040\000a\000\040\000m\000e\000c\000a\000n\000i\000s\000m\000o\000\040\000f\000u\000n\000c\000i\000o\000n\000a\000l}{section.3}% 3
\BOOKMARK [2][-]{subsection.5}{\376\377\000C\000o\000n\000t\000r\000a\000t\000o\000\040\000d\000e\000\040\000d\000e\000c\000l\000a\000r\000a\000\347\000\343\000o\000\040\000d\000e\000\040\000m\000u\000d\000a\000n\000\347\000a\000s\000:\000\040\000P\000a\000r\000s\000e\000r\000C\000h\000a\000n\000g\000e\000s\000I\000n\000f\000o\000r\000m\000a\000t\000i\000o\000n}{section.3}% 4
\BOOKMARK [3][-]{subsubsection.6}{\376\377\000C\000o\000n\000t\000r\000a\000t\000o\000\040\000p\000r\000e\000v\000i\000s\000t\000o\000\040\000n\000o\000\040\000b\000r\000a\000n\000c\000h\000\040\0002\0000\0002\0006\000-\0001}{subsection.5}% 5
\BOOKMARK [3][-]{subsubsection.7}{\376\377\000P\000r\000o\000b\000l\000e\000m\000a\000\040\000e\000m\000\040\000a\000b\000e\000r\000t\000o}{subsection.5}% 6
\BOOKMARK [3][-]{subsubsection.8}{\376\377\000D\000e\000c\000i\000s\000\343\000o\000\040\000a\000r\000q\000u\000i\000t\000e\000t\000u\000r\000a\000l\000\040\000a\000d\000o\000t\000a\000d\000a}{subsection.5}% 7
\BOOKMARK [3][-]{subsubsection.9}{\376\377\000I\000m\000p\000l\000e\000m\000e\000n\000t\000a\000\347\000\343\000o\000\040\000c\000o\000n\000c\000r\000e\000t\000a}{subsection.5}% 8
\BOOKMARK [3][-]{subsubsection.23}{\376\377\000E\000v\000i\000d\000\352\000n\000c\000i\000a\000\040\000d\000e\000\040\000v\000a\000l\000i\000d\000a\000\347\000\343\000o}{subsection.5}% 9
\BOOKMARK [2][-]{subsection.24}{\376\377\000C\000o\000n\000t\000r\000a\000t\000o\000\040\000d\000e\000\040\000e\000x\000t\000e\000n\000s\000\343\000o\000\040\000p\000o\000r\000\040\000e\000l\000e\000m\000e\000n\000t\000o\000s\000\040\000d\000e\000\040\000m\000o\000d\000e\000l\000o\000:\000\040\000\137\000g\000e\000t\000P\000a\000r\000s\000e\000r\000C\000h\000a\000n\000g\000e\000s\000I\000n\000f\000o\000r\000m\000a\000t\000i\000o\000n\000\050\000\051}{section.3}% 10
\BOOKMARK [3][-]{subsubsection.25}{\376\377\000C\000o\000n\000t\000r\000a\000t\000o\000\040\000p\000r\000e\000v\000i\000s\000t\000o\000\040\000n\000o\000\040\000b\000r\000a\000n\000c\000h\000\040\0002\0000\0002\0006\000-\0001}{subsection.24}% 11
\BOOKMARK [3][-]{subsubsection.26}{\376\377\000P\000r\000o\000b\000l\000e\000m\000a\000\040\000e\000m\000\040\000a\000b\000e\000r\000t\000o}{subsection.24}% 12
\BOOKMARK [3][-]{subsubsection.27}{\376\377\000D\000e\000c\000i\000s\000\343\000o\000\040\000a\000r\000q\000u\000i\000t\000e\000t\000u\000r\000a\000l\000\040\000a\000d\000o\000t\000a\000d\000a}{subsection.24}% 13
\BOOKMARK [3][-]{subsubsection.28}{\376\377\000I\000m\000p\000l\000e\000m\000e\000n\000t\000a\000\347\000\343\000o\000\040\000c\000o\000n\000c\000r\000e\000t\000a}{subsection.24}% 14
\BOOKMARK [3][-]{subsubsection.39}{\376\377\000E\000v\000i\000d\000\352\000n\000c\000i\000a\000\040\000d\000e\000\040\000v\000a\000l\000i\000d\000a\000\347\000\343\000o}{subsection.24}% 15
\BOOKMARK [2][-]{subsection.40}{\376\377\000C\000o\000n\000t\000r\000a\000t\000o\000\040\000d\000e\000\040\000g\000e\000r\000a\000\347\000\343\000o\000:\000\040\000P\000a\000r\000s\000e\000r\000M\000a\000n\000a\000g\000e\000r\000:\000:\000g\000e\000n\000e\000r\000a\000t\000e\000N\000e\000w\000P\000a\000r\000s\000e\000r\000\050\000\051}{section.3}% 16
\BOOKMARK [3][-]{subsubsection.41}{\376\377\000C\000o\000n\000t\000r\000a\000t\000o\000\040\000p\000r\000e\000v\000i\000s\000t\000o\000\040\000n\000o\000\040\000b\000r\000a\000n\000c\000h\000\040\0002\0000\0002\0006\000-\0001}{subsection.40}% 17
\BOOKMARK [3][-]{subsubsection.42}{\376\377\000P\000r\000o\000b\000l\000e\000m\000a\000\040\000e\000m\000\040\000a\000b\000e\000r\000t\000o}{subsection.40}% 18
\BOOKMARK [3][-]{subsubsection.43}{\376\377\000D\000e\000c\000i\000s\000\343\000o\000\040\000a\000r\000q\000u\000i\000t\000e\000t\000u\000r\000a\000l\000\040\000a\000d\000o\000t\000a\000d\000a}{subsection.40}% 19
\BOOKMARK [3][-]{subsubsection.44}{\376\377\000I\000m\000p\000l\000e\000m\000e\000n\000t\000a\000\347\000\343\000o\000\040\000c\000o\000n\000c\000r\000e\000t\000a}{subsection.40}% 20
\BOOKMARK [3][-]{subsubsection.84}{\376\377\000E\000v\000i\000d\000\352\000n\000c\000i\000a\000\040\000d\000e\000\040\000v\000a\000l\000i\000d\000a\000\347\000\343\000o}{subsection.40}% 21
\BOOKMARK [2][-]{subsection.85}{\376\377\000C\000o\000n\000t\000r\000a\000t\000o\000\040\000d\000e\000\040\000c\000o\000n\000e\000x\000\343\000o\000:\000\040\000P\000a\000r\000s\000e\000r\000M\000a\000n\000a\000g\000e\000r\000:\000:\000c\000o\000n\000n\000e\000c\000t\000N\000e\000w\000P\000a\000r\000s\000e\000r\000\050\000\051}{section.3}% 22
\BOOKMARK [3][-]{subsubsection.86}{\376\377\000C\000o\000n\000t\000r\000a\000t\000o\000\040\000p\000r\000e\000v\000i\000s\000t\000o\000\040\000n\000o\000\040\000b\000r\000a\000n\000c\000h\000\040\0002\0000\0002\0006\000-\0001}{subsection.85}% 23
\BOOKMARK [3][-]{subsubsection.87}{\376\377\000P\000r\000o\000b\000l\000e\000m\000a\000\040\000e\000m\000\040\000a\000b\000e\000r\000t\000o}{subsection.85}% 24
\BOOKMARK [3][-]{subsubsection.88}{\376\377\000D\000e\000c\000i\000s\000\343\000o\000\040\000a\000r\000q\000u\000i\000t\000e\000t\000u\000r\000a\000l\000\040\000a\000d\000o\000t\000a\000d\000a}{subsection.85}% 25
\BOOKMARK [3][-]{subsubsection.89}{\376\377\000I\000m\000p\000l\000e\000m\000e\000n\000t\000a\000\347\000\343\000o\000\040\000c\000o\000n\000c\000r\000e\000t\000a}{subsection.85}% 26
\BOOKMARK [3][-]{subsubsection.117}{\376\377\000E\000v\000i\000d\000\352\000n\000c\000i\000a\000\040\000d\000e\000\040\000v\000a\000l\000i\000d\000a\000\347\000\343\000o}{subsection.85}% 27
\BOOKMARK [2][-]{subsection.118}{\376\377\000C\000o\000n\000t\000r\000a\000t\000o\000\040\000d\000e\000\040\000i\000n\000t\000e\000g\000r\000a\000\347\000\343\000o\000\040\000c\000o\000m\000\040\000o\000\040\000c\000i\000c\000l\000o\000\040\000d\000o\000\040\000m\000o\000d\000e\000l\000o\000:\000\040\000M\000o\000d\000e\000l\000D\000a\000t\000a\000M\000a\000n\000a\000g\000e\000r\000:\000:\000i\000n\000s\000e\000r\000t\000\050\000\051\000\040\000e\000\040\000M\000o\000d\000e\000l\000:\000:\000p\000a\000r\000s\000e\000E\000x\000p\000r\000e\000s\000s\000i\000o\000n\000\050\000\051}{section.3}% 28
\BOOKMARK [3][-]{subsubsection.119}{\376\377\000C\000o\000n\000t\000r\000a\000t\000o\000\040\000p\000r\000e\000v\000i\000s\000t\000o\000\040\000n\000o\000\040\000b\000r\000a\000n\000c\000h\000\040\0002\0000\0002\0006\000-\0001}{subsection.118}% 29
\BOOKMARK [3][-]{subsubsection.120}{\376\377\000P\000r\000o\000b\000l\000e\000m\000a\000\040\000e\000m\000\040\000a\000b\000e\000r\000t\000o}{subsection.118}% 30
\BOOKMARK [3][-]{subsubsection.121}{\376\377\000D\000e\000c\000i\000s\000\343\000o\000\040\000a\000r\000q\000u\000i\000t\000e\000t\000u\000r\000a\000l\000\040\000a\000d\000o\000t\000a\000d\000a}{subsection.118}% 31
\BOOKMARK [3][-]{subsubsection.122}{\376\377\000I\000m\000p\000l\000e\000m\000e\000n\000t\000a\000\347\000\343\000o\000\040\000c\000o\000n\000c\000r\000e\000t\000a}{subsection.118}% 32
\BOOKMARK [3][-]{subsubsection.144}{\376\377\000E\000v\000i\000d\000\352\000n\000c\000i\000a\000\040\000d\000e\000\040\000v\000a\000l\000i\000d\000a\000\347\000\343\000o}{subsection.118}% 33
\BOOKMARK [2][-]{subsection.145}{\376\377\000C\000o\000n\000t\000r\000a\000t\000o\000\040\000d\000e\000\040\000s\000u\000b\000s\000t\000i\000t\000u\000i\000\347\000\343\000o\000\040\000s\000e\000g\000u\000r\000a\000:\000\040\000P\000a\000r\000s\000e\000r\000\137\000i\000f\000,\000\040\000P\000a\000r\000s\000e\000r\000D\000e\000f\000a\000u\000l\000t\000I\000m\000p\000l\0002\000\040\000e\000\040\000o\000w\000n\000e\000r\000s\000h\000i\000p\000\040\000d\000o\000\040\000S\000a\000m\000p\000l\000e\000r}{section.3}% 34
\BOOKMARK [3][-]{subsubsection.146}{\376\377\000C\000o\000n\000t\000r\000a\000t\000o\000\040\000p\000r\000e\000v\000i\000s\000t\000o\000\040\000n\000o\000\040\000b\000r\000a\000n\000c\000h\000\040\0002\0000\0002\0006\000-\0001}{subsection.145}% 35
\BOOKMARK [3][-]{subsubsection.147}{\376\377\000P\000r\000o\000b\000l\000e\000m\000a\000\040\000e\000m\000\040\000a\000b\000e\000r\000t\000o}{subsection.145}% 36
\BOOKMARK [3][-]{subsubsection.148}{\376\377\000D\000e\000c\000i\000s\000\343\000o\000\040\000a\000r\000q\000u\000i\000t\000e\000t\000u\000r\000a\000l\000\040\000a\000d\000o\000t\000a\000d\000a}{subsection.145}% 37
\BOOKMARK [3][-]{subsubsection.149}{\376\377\000I\000m\000p\000l\000e\000m\000e\000n\000t\000a\000\347\000\343\000o\000\040\000c\000o\000n\000c\000r\000e\000t\000a}{subsection.145}% 38
\BOOKMARK [3][-]{subsubsection.173}{\376\377\000E\000v\000i\000d\000\352\000n\000c\000i\000a\000\040\000d\000e\000\040\000v\000a\000l\000i\000d\000a\000\347\000\343\000o}{subsection.145}% 39
\BOOKMARK [2][-]{subsection.174}{\376\377\000P\000i\000p\000e\000l\000i\000n\000e\000\040\000c\000o\000m\000p\000l\000e\000t\000o\000\040\000i\000m\000p\000l\000e\000m\000e\000n\000t\000a\000d\000o}{section.3}% 40
\BOOKMARK [2][-]{subsection.176}{\376\377\000P\000r\000o\000j\000e\000t\000o\000\040\000d\000e\000\040\000s\000o\000f\000t\000w\000a\000r\000e\000\040\000e\000\040\000d\000i\000a\000g\000r\000a\000m\000a\000s}{section.3}% 41
\BOOKMARK [3][-]{subsubsection.177}{\376\377\000D\000i\000a\000g\000r\000a\000m\000a\000\040\000d\000e\000\040\000c\000l\000a\000s\000s\000e\000s}{subsection.176}% 42
\BOOKMARK [3][-]{subsubsection.180}{\376\377\000D\000i\000a\000g\000r\000a\000m\000a\000\040\000d\000e\000\040\000s\000e\000q\000u\000\352\000n\000c\000i\000a}{subsection.176}% 43
\BOOKMARK [3][-]{subsubsection.183}{\376\377\000D\000i\000a\000g\000r\000a\000m\000a\000\040\000d\000e\000\040\000c\000o\000m\000p\000o\000n\000e\000n\000t\000e\000s}{subsection.176}% 44
\BOOKMARK [3][-]{subsubsection.186}{\376\377\000D\000i\000a\000g\000r\000a\000m\000a\000\040\000d\000e\000\040\000e\000s\000t\000a\000d\000o\000s}{subsection.176}% 45
\BOOKMARK [1][-]{section.189}{\376\377\000V\000a\000l\000i\000d\000a\000\347\000\343\000o}{}% 46
\BOOKMARK [2][-]{subsection.190}{\376\377\000R\000a\000s\000t\000r\000e\000a\000b\000i\000l\000i\000d\000a\000d\000e\000\040\000e\000n\000t\000r\000e\000\040\000r\000e\000q\000u\000i\000s\000i\000t\000o\000s\000,\000\040\000c\000o\000n\000t\000r\000a\000t\000o\000s\000\040\000e\000\040\000t\000e\000s\000t\000e\000s}{section.189}% 47
\BOOKMARK [2][-]{subsection.192}{\376\377\000T\000e\000s\000t\000e\000s\000\040\000u\000n\000i\000t\000\341\000r\000i\000o\000s\000\040\000e\000\040\000d\000e\000\040\000i\000n\000t\000e\000g\000r\000a\000\347\000\343\000o}{section.189}% 48
\BOOKMARK [2][-]{subsection.194}{\376\377\000C\000o\000m\000a\000n\000d\000o\000s\000\040\000d\000e\000\040\000v\000a\000l\000i\000d\000a\000\347\000\343\000o}{section.189}% 49
\BOOKMARK [2][-]{subsection.195}{\376\377\000E\000x\000p\000e\000r\000i\000m\000e\000n\000t\000o\000\040\000c\000o\000m\000\040\000p\000l\000u\000g\000i\000n\000\040\000D\000e\000m\000o}{section.189}% 50
\BOOKMARK [1][-]{section.216}{\376\377\000C\000o\000n\000c\000l\000u\000s\000\343\000o}{}% 51
