\BOOKMARK [1][-]{section.1}{\376\377\000I\000n\000t\000r\000o\000d\000u\000\347\000\343\000o}{}% 1
\BOOKMARK [2][-]{subsection.1.1}{\376\377\000C\000o\000n\000t\000e\000x\000t\000u\000a\000l\000i\000z\000a\000\347\000\343\000o}{section.1}% 2
\BOOKMARK [2][-]{subsection.1.2}{\376\377\000O\000b\000j\000e\000t\000i\000v\000o}{section.1}% 3
\BOOKMARK [2][-]{subsection.1.3}{\376\377\000J\000u\000s\000t\000i\000f\000i\000c\000a\000t\000i\000v\000a}{section.1}% 4
\BOOKMARK [1][-]{section.2}{\376\377\000D\000e\000s\000e\000n\000v\000o\000l\000v\000i\000m\000e\000n\000t\000o}{}% 5
\BOOKMARK [2][-]{subsection.2.1}{\376\377\000V\000i\000s\000\343\000o\000\040\000g\000e\000r\000a\000l\000\040\000d\000a\000\040\000a\000r\000q\000u\000i\000t\000e\000t\000u\000r\000a}{section.2}% 6
\BOOKMARK [2][-]{subsection.2.2}{\376\377\000E\000x\000t\000e\000n\000s\000\343\000o\000\040\000d\000a\000\040\000i\000n\000t\000e\000r\000f\000a\000c\000e\000\040\000F\000i\000t\000t\000e\000r\000\137\000i\000f\000\040\000\050\000M\0001\000\051}{section.2}% 7
\BOOKMARK [2][-]{subsection.2.3}{\376\377\000I\000n\000t\000e\000r\000f\000a\000c\000e\000\040\000D\000a\000t\000a\000A\000n\000a\000l\000y\000z\000e\000r\000\137\000i\000f\000\040\000e\000\040\000s\000t\000r\000u\000c\000t\000s\000\040\000d\000e\000\040\000s\000a\000\355\000d\000a\000\040\000\050\000M\0002\000\051}{section.2}% 8
\BOOKMARK [2][-]{subsection.2.4}{\376\377\000I\000m\000p\000l\000e\000m\000e\000n\000t\000a\000\347\000\343\000o\000:\000\040\000c\000a\000r\000r\000e\000g\000a\000m\000e\000n\000t\000o\000\040\000d\000e\000\040\000d\000a\000d\000o\000s\000\040\000e\000\040\000e\000s\000t\000a\000t\000\355\000s\000t\000i\000c\000a\000s\000\040\000d\000e\000s\000c\000r\000i\000t\000i\000v\000a\000s\000\040\000\050\000M\0003\000\051}{section.2}% 9
\BOOKMARK [2][-]{subsection.2.5}{\376\377\000A\000j\000u\000s\000t\000e\000\040\000d\000e\000\040\000d\000i\000s\000t\000r\000i\000b\000u\000i\000\347\000\365\000e\000s\000\040\000\050\000M\0004\000\051}{section.2}% 10
\BOOKMARK [2][-]{subsection.2.6}{\376\377\000T\000e\000s\000t\000e\000s\000\040\000d\000e\000\040\000a\000d\000e\000r\000\352\000n\000c\000i\000a\000\040\000\050\000M\0005\000\040\000e\000\040\000M\0006\000\051}{section.2}% 11
\BOOKMARK [2][-]{subsection.2.7}{\376\377\000A\000n\000\341\000l\000i\000s\000e\000\040\000d\000e\000\040\000s\000\351\000r\000i\000e\000s\000\040\000t\000e\000m\000p\000o\000r\000a\000i\000s\000\040\000\050\000M\0007\000\051}{section.2}% 12
\BOOKMARK [2][-]{subsection.2.8}{\376\377\000I\000n\000f\000e\000r\000\352\000n\000c\000i\000a\000\040\000p\000a\000r\000a\000m\000\351\000t\000r\000i\000c\000a\000\040\000\050\000M\0008\000\051}{section.2}% 13
\BOOKMARK [2][-]{subsection.2.9}{\376\377\000I\000n\000t\000e\000g\000r\000a\000\347\000\343\000o\000\040\000c\000o\000m\000\040\000o\000\040\000G\000e\000n\000E\000S\000y\000S}{section.2}% 14
\BOOKMARK [1][-]{section.3}{\376\377\000V\000a\000l\000i\000d\000a\000\347\000\343\000o}{}% 15
\BOOKMARK [2][-]{subsection.3.1}{\376\377\000E\000s\000t\000r\000a\000t\000\351\000g\000i\000a\000\040\000d\000e\000\040\000t\000e\000s\000t\000e}{section.3}% 16
\BOOKMARK [2][-]{subsection.3.2}{\376\377\000S\000e\000\347\000\343\000o\000\040\0001\000\040\040\023\000\040\000C\000a\000r\000r\000e\000g\000a\000m\000e\000n\000t\000o\000\040\000d\000e\000\040\000d\000a\000d\000o\000s}{section.3}% 17
\BOOKMARK [2][-]{subsection.3.3}{\376\377\000S\000e\000\347\000\343\000o\000\040\0002\000\040\040\023\000\040\000E\000s\000t\000a\000t\000\355\000s\000t\000i\000c\000a\000s\000\040\000d\000e\000s\000c\000r\000i\000t\000i\000v\000a\000s}{section.3}% 18
\BOOKMARK [2][-]{subsection.3.4}{\376\377\000S\000e\000\347\000\343\000o\000\040\0003\000\040\040\023\000\040\000H\000i\000s\000t\000o\000g\000r\000a\000m\000a\000\040\000e\000\040\000b\000o\000x\000p\000l\000o\000t}{section.3}% 19
\BOOKMARK [2][-]{subsection.3.5}{\376\377\000S\000e\000\347\000\343\000o\000\040\0004\000\040\040\023\000\040\000A\000j\000u\000s\000t\000e\000\040\000d\000e\000\040\000d\000i\000s\000t\000r\000i\000b\000u\000i\000\347\000\365\000e\000s}{section.3}% 20
\BOOKMARK [2][-]{subsection.3.6}{\376\377\000S\000e\000\347\000\343\000o\000\040\0005\000\040\040\023\000\040\000T\000e\000s\000t\000e\000s\000\040\000d\000e\000\040\000a\000d\000e\000r\000\352\000n\000c\000i\000a}{section.3}% 21
\BOOKMARK [2][-]{subsection.3.7}{\376\377\000S\000e\000\347\000\343\000o\000\040\0006\000\040\040\023\000\040\000S\000\351\000r\000i\000e\000s\000\040\000t\000e\000m\000p\000o\000r\000a\000i\000s}{section.3}% 22
\BOOKMARK [2][-]{subsection.3.8}{\376\377\000S\000e\000\347\000\343\000o\000\040\0007\000\040\040\023\000\040\000I\000n\000f\000e\000r\000\352\000n\000c\000i\000a\000\040\000p\000a\000r\000a\000m\000\351\000t\000r\000i\000c\000a}{section.3}% 23
\BOOKMARK [2][-]{subsection.3.9}{\376\377\000R\000e\000s\000u\000l\000t\000a\000d\000o\000\040\000d\000a\000\040\000e\000x\000e\000c\000u\000\347\000\343\000o}{section.3}% 24
\BOOKMARK [2][-]{subsection.3.10}{\376\377\000P\000r\000o\000b\000l\000e\000m\000a\000s\000\040\000e\000n\000c\000o\000n\000t\000r\000a\000d\000o\000s\000\040\000e\000\040\000c\000o\000r\000r\000i\000g\000i\000d\000o\000s}{section.3}% 25
\BOOKMARK [1][-]{section.4}{\376\377\000C\000o\000n\000c\000l\000u\000s\000\343\000o}{}% 26
